
> svelte-reveal@0.7.0 format:staged
> pretty-quick --staged

ğŸ”  Finding changed files since git revision b0f2342.
ğŸ¯  Found 35 changed files.
âœï¸  Fixing up package.json.
âœï¸  Fixing up turbo.json.
âœ— Found partially staged file turbo.json.
âœ— Partially staged files were fixed up. Please update stage before committing.
npm ERR! Lifecycle script `format:staged` failed with error: 
npm ERR! Error: command failed 
npm ERR!   in workspace: svelte-reveal@0.7.0 
npm ERR!   at location: /Users/davideciulla/Repositories/Davide/svelte-reveal/packages/svelte-reveal 
